Added Component: Designator=AP2112(SOT-23-5)
Add component. Clean all parameters for all variants
Added Component: Designator=C1(CAP_0402)
Add component. Clean all parameters for all variants
Add component (AddParameter): Name = "Value"; Value = "0.1uF"; VariantName = "[No Variations]"
Added Component: Designator=C2(CAP_0402)
Add component. Clean all parameters for all variants
Add component (AddParameter): Name = "Value"; Value = "0.1uF"; VariantName = "[No Variations]"
Added Component: Designator=C3(CAP_0402)
Add component. Clean all parameters for all variants
Add component (AddParameter): Name = "Value"; Value = "1uF"; VariantName = "[No Variations]"
Added Component: Designator=C4(CAP_0402)
Add component. Clean all parameters for all variants
Add component (AddParameter): Name = "Value"; Value = "0.1uF"; VariantName = "[No Variations]"
Added Component: Designator=C5(CAP_0402)
Add component. Clean all parameters for all variants
Add component (AddParameter): Name = "Value"; Value = "0.1uF"; VariantName = "[No Variations]"
Added Component: Designator=C6(CAP_0402)
Add component. Clean all parameters for all variants
Add component (AddParameter): Name = "Value"; Value = "20pf"; VariantName = "[No Variations]"
Added Component: Designator=C7(CAP_0402)
Add component. Clean all parameters for all variants
Add component (AddParameter): Name = "Value"; Value = "20pf"; VariantName = "[No Variations]"
Added Component: Designator=C8(CAP_0402)
Add component. Clean all parameters for all variants
Add component (AddParameter): Name = "Value"; Value = "20pf"; VariantName = "[No Variations]"
Added Component: Designator=C9(CAP_0402)
Add component. Clean all parameters for all variants
Add component (AddParameter): Name = "Value"; Value = "20pf"; VariantName = "[No Variations]"
Added Component: Designator=C10(CAP_0402)
Add component. Clean all parameters for all variants
Add component (AddParameter): Name = "Value"; Value = "1uF"; VariantName = "[No Variations]"
Added Component: Designator=C11(Cap_0603)
Add component. Clean all parameters for all variants
Add component (AddParameter): Name = "Value"; Value = "10uF"; VariantName = "[No Variations]"
Added Component: Designator=C12(Cap_0603)
Add component. Clean all parameters for all variants
Add component (AddParameter): Name = "Value"; Value = "1uF"; VariantName = "[No Variations]"
Added Component: Designator=C13(CAP_1206)
Add component. Clean all parameters for all variants
Add component (AddParameter): Name = "Value"; Value = "100uF"; VariantName = "[No Variations]"
Added Component: Designator=C14(CAP_1206)
Add component. Clean all parameters for all variants
Add component (AddParameter): Name = "Value"; Value = "100uF"; VariantName = "[No Variations]"
Added Component: Designator=C15(CAP_0402)
Add component. Clean all parameters for all variants
Add component (AddParameter): Name = "Value"; Value = "1uF"; VariantName = "[No Variations]"
Added Component: Designator=J1(GH_1.25mm_Thru_5pin)
Add component. Clean all parameters for all variants
Added Component: Designator=J2(GH_1.25mm_Thru_5pin)
Add component. Clean all parameters for all variants
Added Component: Designator=LED1(SMD-0603_LED)
Add component. Clean all parameters for all variants
Added Component: Designator=LED2(SMD-0603_LED)
Add component. Clean all parameters for all variants
Added Component: Designator=LED3(SMD-0603_LED)
Add component. Clean all parameters for all variants
Added Component: Designator=nRF24L01(NRF24L01P+PA+LNA+IPX)
Add component. Clean all parameters for all variants
Added Component: Designator=Q1(SOT-23)
Add component. Clean all parameters for all variants
Add component (AddParameter): Name = "Case/Package"; Value = "SOT-23-3"; VariantName = "[No Variations]"
Add component (AddParameter): Name = "Category"; Value = "MOSFETs"; VariantName = "[No Variations]"
Add component (AddParameter): Name = "ComponentLink1Description"; Value = "https://datasheet.ciiva.com/13048/70627-115154-13048148.pdf?src-supplier=Mouser"; VariantName = "[No Variations]"
Add component (AddParameter): Name = "ComponentLink1URL"; Value = "https://datasheet.ciiva.com/13048/70627-115154-13048148.pdf?src-supplier=Mouser"; VariantName = "[No Variations]"
Add component (AddParameter): Name = "Continuous Drain Current (ID)"; Value = "2.3A"; VariantName = "[No Variations]"
Add component (AddParameter): Name = "Drain to Source Resistance"; Value = "130mR"; VariantName = "[No Variations]"
Add component (AddParameter): Name = "Drain to Source Voltage (Vdss)"; Value = "-20V"; VariantName = "[No Variations]"
Add component (AddParameter): Name = "Element Configuration"; Value = "Single"; VariantName = "[No Variations]"
Add component (AddParameter): Name = "Fall Time"; Value = "36ns"; VariantName = "[No Variations]"
Add component (AddParameter): Name = "Gate to Source Voltage (Vgs)"; Value = "8V"; VariantName = "[No Variations]"
Add component (AddParameter): Name = "Height"; Value = "1.02mm"; VariantName = "[No Variations]"
Add component (AddParameter): Name = "Length"; Value = "3.04mm"; VariantName = "[No Variations]"
Add component (AddParameter): Name = "Manufacturer"; Value = "Vishay Siliconix"; VariantName = "[No Variations]"
Add component (AddParameter): Name = "Manufacturer Part Number"; Value = "SI2301DS-T1"; VariantName = "[No Variations]"
Add component (AddParameter): Name = "Max Operating Temperature"; Value = "150¢XC"; VariantName = "[No Variations]"
Add component (AddParameter): Name = "Max Power Dissipation"; Value = "1.25W"; VariantName = "[No Variations]"
Add component (AddParameter): Name = "Min Operating Temperature"; Value = "-55¢XC"; VariantName = "[No Variations]"
Add component (AddParameter): Name = "Mount"; Value = "Surface Mount"; VariantName = "[No Variations]"
Add component (AddParameter): Name = "Number of Channels"; Value = "1"; VariantName = "[No Variations]"
Add component (AddParameter): Name = "Number of Elements"; Value = "1"; VariantName = "[No Variations]"
Add component (AddParameter): Name = "Number of Pins"; Value = "3"; VariantName = "[No Variations]"
Add component (AddParameter): Name = "Package Quantity"; Value = "3000"; VariantName = "[No Variations]"
Add component (AddParameter): Name = "Packaging"; Value = "Tape and Reel"; VariantName = "[No Variations]"
Add component (AddParameter): Name = "Polarity"; Value = "P-CH"; VariantName = "[No Variations]"
Add component (AddParameter): Name = "Power Dissipation"; Value = "1.25W"; VariantName = "[No Variations]"
Add component (AddParameter): Name = "Pricing 1"; Value = "143=0.17500, 500=0.15000, 1000=0.10000, 5000=0.09000, 10000=0.08000 (USD)"; VariantName = "[No Variations]"
Add component (AddParameter): Name = "Rise Time"; Value = "36ns"; VariantName = "[No Variations]"
Add component (AddParameter): Name = "RoHS"; Value = "No"; VariantName = "[No Variations]"
Add component (AddParameter): Name = "Stock 1"; Value = "12531"; VariantName = "[No Variations]"
Add component (AddParameter): Name = "Supplier 1"; Value = "Component Sense"; VariantName = "[No Variations]"
Add component (AddParameter): Name = "Supplier Part Number 1"; Value = "SI2301DS-T1"; VariantName = "[No Variations]"
Add component (AddParameter): Name = "Turn-Off Delay Time"; Value = "42ns"; VariantName = "[No Variations]"
Add component (AddParameter): Name = "Turn-On Delay Time"; Value = "13ns"; VariantName = "[No Variations]"
Add component (AddParameter): Name = "Weight"; Value = "0.050717oz"; VariantName = "[No Variations]"
Add component (AddParameter): Name = "Width"; Value = "1.4mm"; VariantName = "[No Variations]"
Added Component: Designator=R1(RES_0402)
Add component. Clean all parameters for all variants
Add component (AddParameter): Name = "Value"; Value = "10K"; VariantName = "[No Variations]"
Added Component: Designator=R2(RES_0603)
Add component. Clean all parameters for all variants
Add component (AddParameter): Name = "Value"; Value = "330"; VariantName = "[No Variations]"
Added Component: Designator=R3(RES_0603)
Add component. Clean all parameters for all variants
Add component (AddParameter): Name = "Value"; Value = "330"; VariantName = "[No Variations]"
Added Component: Designator=R4(RES_0603)
Add component. Clean all parameters for all variants
Add component (AddParameter): Name = "Value"; Value = "100K"; VariantName = "[No Variations]"
Added Component: Designator=R5(RES_0603)
Add component. Clean all parameters for all variants
Add component (AddParameter): Name = "Value"; Value = "330"; VariantName = "[No Variations]"
Added Component: Designator=SB1(SS-SK-02P)
Add component. Clean all parameters for all variants
Added Component: Designator=SB2(TACK-SW_SMD 2P 4x3mm_2)
Add component. Clean all parameters for all variants
Added Component: Designator=U1(MCU_QFN_33_5x5)
Add component. Clean all parameters for all variants
Add component (AddParameter): Name = "NANO103ZD3AE"; Value = ""; VariantName = "[No Variations]"
Add component (AddParameter): Name = "OriginalSymbolOrigin"; Value = "(0,0)"; VariantName = "[No Variations]"
Added Component: Designator=U2(OV528)
Add component. Clean all parameters for all variants
Added Component: Designator=U3(8-Pin SOIC 208-mil)
Add component. Clean all parameters for all variants
Added Component: Designator=X1(ABS25)
Add component. Clean all parameters for all variants
Add component (AddParameter): Name = "Value"; Value = "32.768kHz"; VariantName = "[No Variations]"
Added Component: Designator=X2(X3215)
Add component. Clean all parameters for all variants
Add component (AddParameter): Name = "Value"; Value = "12MHz"; VariantName = "[No Variations]"
Added Pin To Net: NetName=CE Pin=nRF24L01-2
Added Pin To Net: NetName=CE Pin=U1-21
Added Net: Name=CE
Added Pin To Net: NetName=GND Pin=AP2112-2
Added Pin To Net: NetName=GND Pin=C1-2
Added Pin To Net: NetName=GND Pin=C2-2
Added Pin To Net: NetName=GND Pin=C3-2
Added Pin To Net: NetName=GND Pin=C4-2
Added Pin To Net: NetName=GND Pin=C5-2
Added Pin To Net: NetName=GND Pin=C6-2
Added Pin To Net: NetName=GND Pin=C7-2
Added Pin To Net: NetName=GND Pin=C8-2
Added Pin To Net: NetName=GND Pin=C9-2
Added Pin To Net: NetName=GND Pin=C10-2
Added Pin To Net: NetName=GND Pin=C11-2
Added Pin To Net: NetName=GND Pin=C12-2
Added Pin To Net: NetName=GND Pin=C13-2
Added Pin To Net: NetName=GND Pin=C14-2
Added Pin To Net: NetName=GND Pin=C15-2
Added Pin To Net: NetName=GND Pin=J1-5
Added Pin To Net: NetName=GND Pin=J2-5
Added Pin To Net: NetName=GND Pin=nRF24L01-8
Added Pin To Net: NetName=GND Pin=R5-1
Added Pin To Net: NetName=GND Pin=SB2-2
Added Pin To Net: NetName=GND Pin=SB2-2
Added Pin To Net: NetName=GND Pin=U1-8
Added Pin To Net: NetName=GND Pin=U1-33
Added Pin To Net: NetName=GND Pin=U2-0
Added Pin To Net: NetName=GND Pin=U3-4
Added Net: Name=GND
Added Pin To Net: NetName=I2C0_SCK Pin=U1-2
Added Net: Name=I2C0_SCK
Added Pin To Net: NetName=I2C0_SDA Pin=U1-3
Added Net: Name=I2C0_SDA
Added Pin To Net: NetName=ICE_CLK Pin=J2-3
Added Pin To Net: NetName=ICE_CLK Pin=U1-20
Added Net: Name=ICE_CLK
Added Pin To Net: NetName=ICE_DAT Pin=J2-2
Added Pin To Net: NetName=ICE_DAT Pin=U1-19
Added Net: Name=ICE_DAT
Added Pin To Net: NetName=IRQ Pin=nRF24L01-7
Added Pin To Net: NetName=IRQ Pin=U1-22
Added Net: Name=IRQ
Added Pin To Net: NetName=LDO_CAP Pin=C3-1
Added Pin To Net: NetName=LDO_CAP Pin=C4-1
Added Pin To Net: NetName=LDO_CAP Pin=U1-6
Added Net: Name=LDO_CAP
Added Pin To Net: NetName=NetAP2112_3 Pin=AP2112-3
Added Pin To Net: NetName=NetAP2112_3 Pin=SB1-1
Added Net: Name=NetAP2112_3
Added Pin To Net: NetName=NetLED1_1 Pin=LED1-1
Added Pin To Net: NetName=NetLED1_1 Pin=R2-1
Added Net: Name=NetLED1_1
Added Pin To Net: NetName=NetLED2_1 Pin=LED2-1
Added Pin To Net: NetName=NetLED2_1 Pin=R3-1
Added Net: Name=NetLED2_1
Added Pin To Net: NetName=NetLED3_2 Pin=LED3-2
Added Pin To Net: NetName=NetLED3_2 Pin=R5-2
Added Net: Name=NetLED3_2
Added Pin To Net: NetName=NetQ1_3 Pin=Q1-3
Added Pin To Net: NetName=NetQ1_3 Pin=U2-3
Added Net: Name=NetQ1_3
Added Pin To Net: NetName=NetR4_2 Pin=R4-2
Added Pin To Net: NetName=NetR4_2 Pin=SB1-2
Added Net: Name=NetR4_2
Added Pin To Net: NetName=nRESET Pin=C5-1
Added Pin To Net: NetName=nRESET Pin=J2-4
Added Pin To Net: NetName=nRESET Pin=R1-2
Added Pin To Net: NetName=nRESET Pin=SB2-1
Added Pin To Net: NetName=nRESET Pin=SB2-1
Added Pin To Net: NetName=nRESET Pin=U1-30
Added Net: Name=nRESET
Added Pin To Net: NetName=PA14 Pin=LED1-2
Added Pin To Net: NetName=PA14 Pin=U1-18
Added Net: Name=PA14
Added Pin To Net: NetName=PA15 Pin=LED2-2
Added Pin To Net: NetName=PA15 Pin=U1-17
Added Net: Name=PA15
Added Pin To Net: NetName=PB2 Pin=Q1-1
Added Pin To Net: NetName=PB2 Pin=U1-11
Added Net: Name=PB2
Added Pin To Net: NetName=PB3 Pin=J1-4
Added Pin To Net: NetName=PB3 Pin=U1-12
Added Net: Name=PB3
Added Pin To Net: NetName=SPI0_MISO Pin=nRF24L01-6
Added Pin To Net: NetName=SPI0_MISO Pin=U1-14
Added Net: Name=SPI0_MISO
Added Pin To Net: NetName=SPI0_MOSI Pin=nRF24L01-5
Added Pin To Net: NetName=SPI0_MOSI Pin=U1-13
Added Net: Name=SPI0_MOSI
Added Pin To Net: NetName=SPI0_SCLK Pin=nRF24L01-4
Added Pin To Net: NetName=SPI0_SCLK Pin=U1-15
Added Net: Name=SPI0_SCLK
Added Pin To Net: NetName=SPI0_SS Pin=nRF24L01-3
Added Pin To Net: NetName=SPI0_SS Pin=U1-16
Added Net: Name=SPI0_SS
Added Pin To Net: NetName=SPI3_MISO Pin=U1-24
Added Pin To Net: NetName=SPI3_MISO Pin=U3-2
Added Net: Name=SPI3_MISO
Added Pin To Net: NetName=SPI3_MOSI Pin=U1-23
Added Pin To Net: NetName=SPI3_MOSI Pin=U3-5
Added Net: Name=SPI3_MOSI
Added Pin To Net: NetName=SPI3_SCLK Pin=U1-25
Added Pin To Net: NetName=SPI3_SCLK Pin=U3-6
Added Net: Name=SPI3_SCLK
Added Pin To Net: NetName=SPI_SS Pin=U1-26
Added Pin To Net: NetName=SPI_SS Pin=U3-1
Added Net: Name=SPI_SS
Added Pin To Net: NetName=UART0_RX Pin=J1-3
Added Pin To Net: NetName=UART0_RX Pin=U1-9
Added Net: Name=UART0_RX
Added Pin To Net: NetName=UART0_TX Pin=J1-2
Added Pin To Net: NetName=UART0_TX Pin=U1-10
Added Net: Name=UART0_TX
Added Pin To Net: NetName=UART1_RX Pin=U1-4
Added Pin To Net: NetName=UART1_RX Pin=U2-1
Added Net: Name=UART1_RX
Added Pin To Net: NetName=UART1_TX Pin=U1-5
Added Pin To Net: NetName=UART1_TX Pin=U2-2
Added Net: Name=UART1_TX
Added Pin To Net: NetName=VBAT Pin=AP2112-5
Added Pin To Net: NetName=VBAT Pin=C1-1
Added Pin To Net: NetName=VBAT Pin=C2-1
Added Pin To Net: NetName=VBAT Pin=C10-1
Added Pin To Net: NetName=VBAT Pin=C12-1
Added Pin To Net: NetName=VBAT Pin=C13-1
Added Pin To Net: NetName=VBAT Pin=C14-1
Added Pin To Net: NetName=VBAT Pin=C15-1
Added Pin To Net: NetName=VBAT Pin=J2-1
Added Pin To Net: NetName=VBAT Pin=LED3-1
Added Pin To Net: NetName=VBAT Pin=nRF24L01-1
Added Pin To Net: NetName=VBAT Pin=Q1-2
Added Pin To Net: NetName=VBAT Pin=R1-1
Added Pin To Net: NetName=VBAT Pin=R2-2
Added Pin To Net: NetName=VBAT Pin=R3-2
Added Pin To Net: NetName=VBAT Pin=U1-7
Added Pin To Net: NetName=VBAT Pin=U1-27
Added Pin To Net: NetName=VBAT Pin=U1-31
Added Pin To Net: NetName=VBAT Pin=U3-3
Added Pin To Net: NetName=VBAT Pin=U3-7
Added Pin To Net: NetName=VBAT Pin=U3-8
Added Net: Name=VBAT
Added Pin To Net: NetName=VCC Pin=AP2112-1
Added Pin To Net: NetName=VCC Pin=C11-1
Added Pin To Net: NetName=VCC Pin=J1-1
Added Pin To Net: NetName=VCC Pin=R4-1
Added Net: Name=VCC
Added Pin To Net: NetName=X24MI Pin=C9-1
Added Pin To Net: NetName=X24MI Pin=U1-28
Added Pin To Net: NetName=X24MI Pin=X2-1
Added Net: Name=X24MI
Added Pin To Net: NetName=X24MO Pin=C8-1
Added Pin To Net: NetName=X24MO Pin=U1-29
Added Pin To Net: NetName=X24MO Pin=X2-2
Added Net: Name=X24MO
Added Pin To Net: NetName=X32I Pin=C7-1
Added Pin To Net: NetName=X32I Pin=U1-1
Added Pin To Net: NetName=X32I Pin=X1-1
Added Net: Name=X32I
Added Pin To Net: NetName=X32O Pin=C6-1
Added Pin To Net: NetName=X32O Pin=U1-32
Added Pin To Net: NetName=X32O Pin=X1-2
Added Net: Name=X32O
Added Class: Name=Mobo
Added Class: Name=U_NANO103
Added Class: Name=U_nRF24L01
Added Class: Name=U_W25Q128
Added Room: Name=Mobo
Added Room: Name=U_NANO103
Added Room: Name=U_nRF24L01
Added Room: Name=U_W25Q128
