Removed Pin From Net: NetName=PA14 Pin=LED1-2
Removed Pin From Net: NetName=VBAT Pin=R2-2
Removed Pin From Net: NetName=NetLED2_1 Pin=R3-1
Removed Pin From Net: NetName=VBAT Pin=R3-2
Removed Member From Class: ClassName=Mobo Member=LED3
Change Component Designator: OldDesignator=C13 NewDesignator=C14
Change Component Designator: OldDesignator=C14 NewDesignator=C15
Change Component Designator: OldDesignator=C15 NewDesignator=C16
Change Component Designator: OldDesignator=LED3 NewDesignator=LED1
Change Component Designator: OldDesignator=R4 NewDesignator=R2
Change Component Designator: OldDesignator=SB2 NewDesignator=SB3
Added Component: Designator=C13(Cap_0603)
Add component. Clean all parameters for all variants
Add component (AddParameter): Name = "Value"; Value = "0.1uF"; VariantName = "[No Variations]"
Added Component: Designator=R4(RES_0603)
Add component. Clean all parameters for all variants
Add component (AddParameter): Name = "Value"; Value = "330"; VariantName = "[No Variations]"
Added Component: Designator=SB2(TACK-SW_SMD 2P 4x3mm_2)
Add component. Clean all parameters for all variants
Added Pin To Net: NetName=PA14 Pin=C13-1
Added Pin To Net: NetName=GND Pin=C13-2
Added Pin To Net: NetName=VBAT Pin=R3-1
Added Pin To Net: NetName=NetLED2_1 Pin=R3-2
Added Pin To Net: NetName=VBAT Pin=R4-1
Added Pin To Net: NetName=PA14 Pin=R4-2
Added Pin To Net: NetName=GND Pin=SB2-1
Added Pin To Net: NetName=GND Pin=SB2-1
Added Pin To Net: NetName=PA14 Pin=SB2-2
Added Pin To Net: NetName=PA14 Pin=SB2-2
Change Net Name : Old Net Name=NetLED3_2 New Net Name=NetLED1_2
Change Net Name : Old Net Name=NetR4_2 New Net Name=NetR2_2
Added Member To Class: ClassName=Mobo Member=Component C15 Cap
Added Member To Class: ClassName=Mobo Member=Component J1 Plug4
Added Member To Class: ClassName=Mobo Member=Component J2 Plug3
Added Member To Class: ClassName=Mobo Member=Component SB3 SPST
Added Member To Class: ClassName=U_W25Q128 Member=Component U2 Flash
