Removed Pin From Net: NetName=PA14 Pin=C13-1
Removed Pin From Net: NetName=GND Pin=C13-2
Removed Pin From Net: NetName=VBAT Pin=C15-1
Removed Pin From Net: NetName=GND Pin=C15-2
Removed Member From Class: ClassName=Mobo Member=C16
Change Component Designator: OldDesignator=C13 NewDesignator=C15
Change Component Designator: OldDesignator=R2 NewDesignator=R4
Change Component Designator: OldDesignator=R4 NewDesignator=R2
Change component parameters: Designator = "R2"; Footprint = "RES_0603"; UniqueID = "\TESHDCZM"
Change component parameters. Clean all parameters for all variants
Change component parameters (AddParameter): Name = "Value"; Value = "100k"; VariantName = "[No Variations]"
Added Component: Designator=C13(CAP_1206)
Add component. Clean all parameters for all variants
Add component (AddParameter): Name = "Value"; Value = "100uF"; VariantName = "[No Variations]"
Added Pin To Net: NetName=VBAT Pin=C13-1
Added Pin To Net: NetName=GND Pin=C13-2
Added Pin To Net: NetName=GND Pin=C15-1
Added Pin To Net: NetName=PA14 Pin=C15-2
Change Net Name : Old Net Name=NetR2_2 New Net Name=NetR4_2
Added Member To Class: ClassName=Mobo Member=Component C13 Cap
Added Member To Class: ClassName=Mobo Member=Component C14 Cap
Added Member To Class: ClassName=Mobo Member=Component LED1 R
Added Member To Class: ClassName=Mobo Member=Component R2 Res
Added Member To Class: ClassName=Mobo Member=Component R4 Res
Added Member To Class: ClassName=Mobo Member=Component SB2 SPST
